{"/Users/janjan/Desktop/csc307/PolyBites/PolyFoodFinder/model/food-services.js": {"path":"/Users/janjan/Desktop/csc307/PolyBites/PolyFoodFinder/model/food-services.js","statementMap":{"0":{"start":{"line":1,"column":17},"end":{"line":1,"column":36}},"1":{"start":{"line":2,"column":19},"end":{"line":2,"column":36}},"2":{"start":{"line":3,"column":21},"end":{"line":3,"column":40}},"3":{"start":{"line":4,"column":27},"end":{"line":4,"column":66}},"4":{"start":{"line":9,"column":2},"end":{"line":9,"column":25}},"5":{"start":{"line":10,"column":2},"end":{"line":10,"column":22}},"6":{"start":{"line":14,"column":4},"end":{"line":18,"column":5}},"7":{"start":{"line":15,"column":8},"end":{"line":17,"column":10}},"8":{"start":{"line":19,"column":4},"end":{"line":19,"column":24}},"9":{"start":{"line":23,"column":23},"end":{"line":23,"column":67}},"10":{"start":{"line":25,"column":25},"end":{"line":25,"column":27}},"11":{"start":{"line":26,"column":4},"end":{"line":59,"column":5}},"12":{"start":{"line":27,"column":8},"end":{"line":27,"column":61}},"13":{"start":{"line":29,"column":8},"end":{"line":33,"column":9}},"14":{"start":{"line":30,"column":12},"end":{"line":30,"column":47}},"15":{"start":{"line":31,"column":15},"end":{"line":33,"column":9}},"16":{"start":{"line":32,"column":12},"end":{"line":32,"column":52}},"17":{"start":{"line":34,"column":8},"end":{"line":49,"column":9}},"18":{"start":{"line":35,"column":12},"end":{"line":35,"column":54}},"19":{"start":{"line":36,"column":15},"end":{"line":49,"column":9}},"20":{"start":{"line":37,"column":12},"end":{"line":37,"column":53}},"21":{"start":{"line":38,"column":15},"end":{"line":49,"column":9}},"22":{"start":{"line":39,"column":12},"end":{"line":39,"column":54}},"23":{"start":{"line":40,"column":12},"end":{"line":40,"column":54}},"24":{"start":{"line":41,"column":15},"end":{"line":49,"column":9}},"25":{"start":{"line":42,"column":12},"end":{"line":42,"column":55}},"26":{"start":{"line":43,"column":12},"end":{"line":43,"column":54}},"27":{"start":{"line":44,"column":15},"end":{"line":49,"column":9}},"28":{"start":{"line":45,"column":12},"end":{"line":45,"column":55}},"29":{"start":{"line":46,"column":12},"end":{"line":46,"column":54}},"30":{"start":{"line":48,"column":12},"end":{"line":48,"column":54}},"31":{"start":{"line":50,"column":8},"end":{"line":58,"column":9}},"32":{"start":{"line":51,"column":12},"end":{"line":51,"column":68}},"33":{"start":{"line":52,"column":12},"end":{"line":57,"column":13}},"34":{"start":{"line":53,"column":16},"end":{"line":53,"column":59}},"35":{"start":{"line":56,"column":16},"end":{"line":56,"column":67}},"36":{"start":{"line":61,"column":4},"end":{"line":61,"column":59}},"37":{"start":{"line":62,"column":4},"end":{"line":62,"column":18}},"38":{"start":{"line":66,"column":4},"end":{"line":66,"column":24}},"39":{"start":{"line":67,"column":4},"end":{"line":67,"column":76}},"40":{"start":{"line":68,"column":4},"end":{"line":70,"column":5}},"41":{"start":{"line":68,"column":17},"end":{"line":68,"column":18}},"42":{"start":{"line":68,"column":27},"end":{"line":68,"column":43}},"43":{"start":{"line":69,"column":8},"end":{"line":69,"column":58}},"44":{"start":{"line":71,"column":4},"end":{"line":71,"column":26}},"45":{"start":{"line":100,"column":23},"end":{"line":100,"column":67}},"46":{"start":{"line":101,"column":4},"end":{"line":106,"column":5}},"47":{"start":{"line":102,"column":8},"end":{"line":102,"column":45}},"48":{"start":{"line":104,"column":8},"end":{"line":104,"column":27}},"49":{"start":{"line":105,"column":8},"end":{"line":105,"column":25}},"50":{"start":{"line":110,"column":23},"end":{"line":110,"column":67}},"51":{"start":{"line":111,"column":4},"end":{"line":128,"column":5}},"52":{"start":{"line":112,"column":8},"end":{"line":124,"column":9}},"53":{"start":{"line":113,"column":12},"end":{"line":115,"column":15}},"54":{"start":{"line":116,"column":15},"end":{"line":124,"column":9}},"55":{"start":{"line":117,"column":12},"end":{"line":119,"column":15}},"56":{"start":{"line":120,"column":15},"end":{"line":124,"column":9}},"57":{"start":{"line":121,"column":12},"end":{"line":123,"column":15}},"58":{"start":{"line":126,"column":8},"end":{"line":126,"column":27}},"59":{"start":{"line":127,"column":8},"end":{"line":127,"column":25}},"60":{"start":{"line":132,"column":4},"end":{"line":132,"column":29}},"61":{"start":{"line":133,"column":25},"end":{"line":133,"column":73}},"62":{"start":{"line":134,"column":4},"end":{"line":144,"column":5}},"63":{"start":{"line":135,"column":28},"end":{"line":138,"column":10}},"64":{"start":{"line":139,"column":28},"end":{"line":139,"column":52}},"65":{"start":{"line":140,"column":8},"end":{"line":140,"column":27}},"66":{"start":{"line":142,"column":8},"end":{"line":142,"column":27}},"67":{"start":{"line":143,"column":8},"end":{"line":143,"column":21}},"68":{"start":{"line":148,"column":25},"end":{"line":148,"column":73}},"69":{"start":{"line":149,"column":4},"end":{"line":154,"column":5}},"70":{"start":{"line":150,"column":8},"end":{"line":150,"column":56}},"71":{"start":{"line":152,"column":8},"end":{"line":152,"column":27}},"72":{"start":{"line":153,"column":8},"end":{"line":153,"column":25}},"73":{"start":{"line":158,"column":0},"end":{"line":158,"column":50}},"74":{"start":{"line":159,"column":0},"end":{"line":159,"column":30}},"75":{"start":{"line":160,"column":0},"end":{"line":160,"column":32}},"76":{"start":{"line":162,"column":0},"end":{"line":162,"column":36}},"77":{"start":{"line":163,"column":0},"end":{"line":163,"column":46}},"78":{"start":{"line":164,"column":0},"end":{"line":164,"column":42}},"79":{"start":{"line":165,"column":0},"end":{"line":165,"column":38}}},"fnMap":{"0":{"name":"setConnection","decl":{"start":{"line":8,"column":9},"end":{"line":8,"column":22}},"loc":{"start":{"line":8,"column":31},"end":{"line":11,"column":1}},"line":8},"1":{"name":"getDbConnection","decl":{"start":{"line":13,"column":9},"end":{"line":13,"column":24}},"loc":{"start":{"line":13,"column":27},"end":{"line":20,"column":1}},"line":13},"2":{"name":"getFoodsByFilters","decl":{"start":{"line":22,"column":15},"end":{"line":22,"column":32}},"loc":{"start":{"line":22,"column":56},"end":{"line":63,"column":1}},"line":22},"3":{"name":"getRestaurantsInFilter","decl":{"start":{"line":65,"column":15},"end":{"line":65,"column":37}},"loc":{"start":{"line":65,"column":48},"end":{"line":72,"column":1}},"line":65},"4":{"name":"findFoodById","decl":{"start":{"line":99,"column":15},"end":{"line":99,"column":27}},"loc":{"start":{"line":99,"column":32},"end":{"line":107,"column":1}},"line":99},"5":{"name":"incrementFoodRating","decl":{"start":{"line":109,"column":15},"end":{"line":109,"column":34}},"loc":{"start":{"line":109,"column":47},"end":{"line":129,"column":1}},"line":109},"6":{"name":"addReview","decl":{"start":{"line":131,"column":15},"end":{"line":131,"column":24}},"loc":{"start":{"line":131,"column":34},"end":{"line":145,"column":1}},"line":131},"7":{"name":"getReviews","decl":{"start":{"line":147,"column":15},"end":{"line":147,"column":25}},"loc":{"start":{"line":147,"column":30},"end":{"line":156,"column":1}},"line":147}},"branchMap":{"0":{"loc":{"start":{"line":14,"column":4},"end":{"line":18,"column":5}},"type":"if","locations":[{"start":{"line":14,"column":4},"end":{"line":18,"column":5}},{"start":{},"end":{}}],"line":14},"1":{"loc":{"start":{"line":26,"column":4},"end":{"line":59,"column":5}},"type":"if","locations":[{"start":{"line":26,"column":4},"end":{"line":59,"column":5}},{"start":{"line":28,"column":11},"end":{"line":59,"column":5}}],"line":26},"2":{"loc":{"start":{"line":26,"column":8},"end":{"line":26,"column":64}},"type":"binary-expr","locations":[{"start":{"line":26,"column":8},"end":{"line":26,"column":23}},{"start":{"line":26,"column":27},"end":{"line":26,"column":42}},{"start":{"line":26,"column":46},"end":{"line":26,"column":64}}],"line":26},"3":{"loc":{"start":{"line":29,"column":8},"end":{"line":33,"column":9}},"type":"if","locations":[{"start":{"line":29,"column":8},"end":{"line":33,"column":9}},{"start":{"line":31,"column":15},"end":{"line":33,"column":9}}],"line":29},"4":{"loc":{"start":{"line":31,"column":15},"end":{"line":33,"column":9}},"type":"if","locations":[{"start":{"line":31,"column":15},"end":{"line":33,"column":9}},{"start":{},"end":{}}],"line":31},"5":{"loc":{"start":{"line":34,"column":8},"end":{"line":49,"column":9}},"type":"if","locations":[{"start":{"line":34,"column":8},"end":{"line":49,"column":9}},{"start":{"line":36,"column":15},"end":{"line":49,"column":9}}],"line":34},"6":{"loc":{"start":{"line":36,"column":15},"end":{"line":49,"column":9}},"type":"if","locations":[{"start":{"line":36,"column":15},"end":{"line":49,"column":9}},{"start":{"line":38,"column":15},"end":{"line":49,"column":9}}],"line":36},"7":{"loc":{"start":{"line":38,"column":15},"end":{"line":49,"column":9}},"type":"if","locations":[{"start":{"line":38,"column":15},"end":{"line":49,"column":9}},{"start":{"line":41,"column":15},"end":{"line":49,"column":9}}],"line":38},"8":{"loc":{"start":{"line":41,"column":15},"end":{"line":49,"column":9}},"type":"if","locations":[{"start":{"line":41,"column":15},"end":{"line":49,"column":9}},{"start":{"line":44,"column":15},"end":{"line":49,"column":9}}],"line":41},"9":{"loc":{"start":{"line":44,"column":15},"end":{"line":49,"column":9}},"type":"if","locations":[{"start":{"line":44,"column":15},"end":{"line":49,"column":9}},{"start":{"line":47,"column":15},"end":{"line":49,"column":9}}],"line":44},"10":{"loc":{"start":{"line":50,"column":8},"end":{"line":58,"column":9}},"type":"if","locations":[{"start":{"line":50,"column":8},"end":{"line":58,"column":9}},{"start":{},"end":{}}],"line":50},"11":{"loc":{"start":{"line":52,"column":12},"end":{"line":57,"column":13}},"type":"if","locations":[{"start":{"line":52,"column":12},"end":{"line":57,"column":13}},{"start":{"line":54,"column":19},"end":{"line":57,"column":13}}],"line":52},"12":{"loc":{"start":{"line":112,"column":8},"end":{"line":124,"column":9}},"type":"if","locations":[{"start":{"line":112,"column":8},"end":{"line":124,"column":9}},{"start":{"line":116,"column":15},"end":{"line":124,"column":9}}],"line":112},"13":{"loc":{"start":{"line":116,"column":15},"end":{"line":124,"column":9}},"type":"if","locations":[{"start":{"line":116,"column":15},"end":{"line":124,"column":9}},{"start":{"line":120,"column":15},"end":{"line":124,"column":9}}],"line":116},"14":{"loc":{"start":{"line":120,"column":15},"end":{"line":124,"column":9}},"type":"if","locations":[{"start":{"line":120,"column":15},"end":{"line":124,"column":9}},{"start":{},"end":{}}],"line":120}},"s":{"0":1,"1":1,"2":1,"3":1,"4":1,"5":1,"6":10,"7":0,"8":10,"9":0,"10":0,"11":0,"12":0,"13":0,"14":0,"15":0,"16":0,"17":0,"18":0,"19":0,"20":0,"21":0,"22":0,"23":0,"24":0,"25":0,"26":0,"27":0,"28":0,"29":0,"30":0,"31":0,"32":0,"33":0,"34":0,"35":0,"36":0,"37":0,"38":0,"39":0,"40":0,"41":0,"42":0,"43":0,"44":0,"45":3,"46":3,"47":3,"48":1,"49":1,"50":4,"51":4,"52":4,"53":1,"54":3,"55":1,"56":2,"57":1,"58":0,"59":0,"60":1,"61":1,"62":1,"63":1,"64":1,"65":1,"66":0,"67":0,"68":2,"69":2,"70":2,"71":0,"72":0,"73":1,"74":1,"75":1,"76":1,"77":1,"78":1,"79":1},"f":{"0":1,"1":10,"2":0,"3":0,"4":3,"5":4,"6":1,"7":2},"b":{"0":[0,10],"1":[0,0],"2":[0,0,0],"3":[0,0],"4":[0,0],"5":[0,0],"6":[0,0],"7":[0,0],"8":[0,0],"9":[0,0],"10":[0,0],"11":[0,0],"12":[1,3],"13":[1,2],"14":[1,1]},"_coverageSchema":"1a1c01bbd47fc00a2c39e90264f33305004495a9","hash":"a596c26d7a1b577fcaae2569dfdf37d65ab6c960"}
,"/Users/janjan/Desktop/csc307/PolyBites/PolyFoodFinder/model/food.js": {"path":"/Users/janjan/Desktop/csc307/PolyBites/PolyFoodFinder/model/food.js","statementMap":{"0":{"start":{"line":1,"column":17},"end":{"line":1,"column":36}},"1":{"start":{"line":4,"column":19},"end":{"line":81,"column":1}},"2":{"start":{"line":85,"column":0},"end":{"line":85,"column":28}}},"fnMap":{},"branchMap":{},"s":{"0":1,"1":1,"2":1},"f":{},"b":{},"_coverageSchema":"1a1c01bbd47fc00a2c39e90264f33305004495a9","hash":"6f6084b7ba660c812e5af484c877a811c039473c"}
,"/Users/janjan/Desktop/csc307/PolyBites/PolyFoodFinder/model/restaurant-services.js": {"path":"/Users/janjan/Desktop/csc307/PolyBites/PolyFoodFinder/model/restaurant-services.js","statementMap":{"0":{"start":{"line":1,"column":17},"end":{"line":1,"column":36}},"1":{"start":{"line":2,"column":25},"end":{"line":2,"column":48}},"2":{"start":{"line":7,"column":4},"end":{"line":7,"column":27}},"3":{"start":{"line":8,"column":4},"end":{"line":8,"column":24}},"4":{"start":{"line":12,"column":4},"end":{"line":16,"column":5}},"5":{"start":{"line":13,"column":8},"end":{"line":15,"column":10}},"6":{"start":{"line":17,"column":4},"end":{"line":17,"column":24}},"7":{"start":{"line":21,"column":29},"end":{"line":24,"column":5}},"8":{"start":{"line":26,"column":4},"end":{"line":31,"column":5}},"9":{"start":{"line":28,"column":8},"end":{"line":28,"column":47}},"10":{"start":{"line":30,"column":8},"end":{"line":30,"column":48}},"11":{"start":{"line":32,"column":4},"end":{"line":32,"column":18}},"12":{"start":{"line":36,"column":29},"end":{"line":39,"column":5}},"13":{"start":{"line":40,"column":27},"end":{"line":42,"column":6}},"14":{"start":{"line":43,"column":23},"end":{"line":43,"column":25}},"15":{"start":{"line":44,"column":4},"end":{"line":46,"column":5}},"16":{"start":{"line":44,"column":17},"end":{"line":44,"column":18}},"17":{"start":{"line":44,"column":27},"end":{"line":44,"column":48}},"18":{"start":{"line":45,"column":8},"end":{"line":45,"column":48}},"19":{"start":{"line":47,"column":4},"end":{"line":47,"column":22}},"20":{"start":{"line":51,"column":29},"end":{"line":54,"column":5}},"21":{"start":{"line":55,"column":4},"end":{"line":55,"column":56}},"22":{"start":{"line":59,"column":29},"end":{"line":62,"column":5}},"23":{"start":{"line":63,"column":4},"end":{"line":68,"column":5}},"24":{"start":{"line":64,"column":8},"end":{"line":64,"column":51}},"25":{"start":{"line":66,"column":8},"end":{"line":66,"column":27}},"26":{"start":{"line":67,"column":8},"end":{"line":67,"column":25}},"27":{"start":{"line":71,"column":0},"end":{"line":71,"column":40}},"28":{"start":{"line":72,"column":0},"end":{"line":72,"column":48}},"29":{"start":{"line":73,"column":0},"end":{"line":73,"column":60}},"30":{"start":{"line":74,"column":0},"end":{"line":74,"column":38}}},"fnMap":{"0":{"name":"setConnection","decl":{"start":{"line":6,"column":9},"end":{"line":6,"column":22}},"loc":{"start":{"line":6,"column":31},"end":{"line":9,"column":3}},"line":6},"1":{"name":"getDbConnection","decl":{"start":{"line":11,"column":9},"end":{"line":11,"column":24}},"loc":{"start":{"line":11,"column":27},"end":{"line":18,"column":1}},"line":11},"2":{"name":"getRestaurants","decl":{"start":{"line":20,"column":15},"end":{"line":20,"column":29}},"loc":{"start":{"line":20,"column":40},"end":{"line":33,"column":1}},"line":20},"3":{"name":"getRestaurantsByLocation","decl":{"start":{"line":35,"column":15},"end":{"line":35,"column":39}},"loc":{"start":{"line":35,"column":50},"end":{"line":48,"column":1}},"line":35},"4":{"name":"findRestByName","decl":{"start":{"line":50,"column":15},"end":{"line":50,"column":29}},"loc":{"start":{"line":50,"column":37},"end":{"line":56,"column":1}},"line":50},"5":{"name":"findRestaurantById","decl":{"start":{"line":58,"column":15},"end":{"line":58,"column":33}},"loc":{"start":{"line":58,"column":38},"end":{"line":69,"column":1}},"line":58}},"branchMap":{"0":{"loc":{"start":{"line":12,"column":4},"end":{"line":16,"column":5}},"type":"if","locations":[{"start":{"line":12,"column":4},"end":{"line":16,"column":5}},{"start":{},"end":{}}],"line":12},"1":{"loc":{"start":{"line":26,"column":4},"end":{"line":31,"column":5}},"type":"if","locations":[{"start":{"line":26,"column":4},"end":{"line":31,"column":5}},{"start":{"line":29,"column":11},"end":{"line":31,"column":5}}],"line":26}},"s":{"0":1,"1":1,"2":1,"3":1,"4":0,"5":0,"6":0,"7":0,"8":0,"9":0,"10":0,"11":0,"12":0,"13":0,"14":0,"15":0,"16":0,"17":0,"18":0,"19":0,"20":0,"21":0,"22":0,"23":0,"24":0,"25":0,"26":0,"27":1,"28":1,"29":1,"30":1},"f":{"0":1,"1":0,"2":0,"3":0,"4":0,"5":0},"b":{"0":[0,0],"1":[0,0]},"_coverageSchema":"1a1c01bbd47fc00a2c39e90264f33305004495a9","hash":"279b600b97c859efb216f774f3a33b014cfe0d66"}
,"/Users/janjan/Desktop/csc307/PolyBites/PolyFoodFinder/model/restaurant.js": {"path":"/Users/janjan/Desktop/csc307/PolyBites/PolyFoodFinder/model/restaurant.js","statementMap":{"0":{"start":{"line":1,"column":17},"end":{"line":1,"column":36}},"1":{"start":{"line":3,"column":25},"end":{"line":49,"column":1}},"2":{"start":{"line":53,"column":0},"end":{"line":53,"column":34}}},"fnMap":{},"branchMap":{},"s":{"0":1,"1":1,"2":1},"f":{},"b":{},"_coverageSchema":"1a1c01bbd47fc00a2c39e90264f33305004495a9","hash":"f72a4274f21dd933f91b2b3eb658ab81d8182fbd"}
,"/Users/janjan/Desktop/csc307/PolyBites/PolyFoodFinder/model/review.js": {"path":"/Users/janjan/Desktop/csc307/PolyBites/PolyFoodFinder/model/review.js","statementMap":{"0":{"start":{"line":1,"column":17},"end":{"line":1,"column":36}},"1":{"start":{"line":3,"column":21},"end":{"line":16,"column":1}},"2":{"start":{"line":20,"column":0},"end":{"line":20,"column":30}}},"fnMap":{},"branchMap":{},"s":{"0":1,"1":1,"2":1},"f":{},"b":{},"_coverageSchema":"1a1c01bbd47fc00a2c39e90264f33305004495a9","hash":"aa9c484cc34720aa61e349d18634b2cbd9c4cf6e"}
}
