TN:
SF:model/food-services.js
FN:8,setConnection
FN:13,getDbConnection
FN:22,getFoodsByFilters
FN:65,getRestaurantsInFilter
FN:99,findFoodById
FN:109,incrementFoodRating
FN:131,addReview
FN:147,getReviews
FNF:8
FNH:6
FNDA:1,setConnection
FNDA:10,getDbConnection
FNDA:0,getFoodsByFilters
FNDA:0,getRestaurantsInFilter
FNDA:3,findFoodById
FNDA:4,incrementFoodRating
FNDA:1,addReview
FNDA:2,getReviews
DA:1,1
DA:2,1
DA:3,1
DA:4,1
DA:9,1
DA:10,1
DA:14,10
DA:15,0
DA:19,10
DA:23,0
DA:25,0
DA:26,0
DA:27,0
DA:29,0
DA:30,0
DA:31,0
DA:32,0
DA:34,0
DA:35,0
DA:36,0
DA:37,0
DA:38,0
DA:39,0
DA:40,0
DA:41,0
DA:42,0
DA:43,0
DA:44,0
DA:45,0
DA:46,0
DA:48,0
DA:50,0
DA:51,0
DA:52,0
DA:53,0
DA:56,0
DA:61,0
DA:62,0
DA:66,0
DA:67,0
DA:68,0
DA:69,0
DA:71,0
DA:100,3
DA:101,3
DA:102,3
DA:104,1
DA:105,1
DA:110,4
DA:111,4
DA:112,4
DA:113,1
DA:116,3
DA:117,1
DA:120,2
DA:121,1
DA:126,0
DA:127,0
DA:132,1
DA:133,1
DA:134,1
DA:135,1
DA:139,1
DA:140,1
DA:142,0
DA:143,0
DA:148,2
DA:149,2
DA:150,2
DA:152,0
DA:153,0
DA:158,1
DA:159,1
DA:160,1
DA:162,1
DA:163,1
DA:164,1
DA:165,1
LF:78
LH:37
BRDA:14,0,0,0
BRDA:14,0,1,10
BRDA:26,1,0,0
BRDA:26,1,1,0
BRDA:26,2,0,0
BRDA:26,2,1,0
BRDA:26,2,2,0
BRDA:29,3,0,0
BRDA:29,3,1,0
BRDA:31,4,0,0
BRDA:31,4,1,0
BRDA:34,5,0,0
BRDA:34,5,1,0
BRDA:36,6,0,0
BRDA:36,6,1,0
BRDA:38,7,0,0
BRDA:38,7,1,0
BRDA:41,8,0,0
BRDA:41,8,1,0
BRDA:44,9,0,0
BRDA:44,9,1,0
BRDA:50,10,0,0
BRDA:50,10,1,0
BRDA:52,11,0,0
BRDA:52,11,1,0
BRDA:112,12,0,1
BRDA:112,12,1,3
BRDA:116,13,0,1
BRDA:116,13,1,2
BRDA:120,14,0,1
BRDA:120,14,1,1
BRF:31
BRH:7
end_of_record
TN:
SF:model/food.js
FNF:0
FNH:0
DA:1,1
DA:4,1
DA:85,1
LF:3
LH:3
BRF:0
BRH:0
end_of_record
TN:
SF:model/restaurant-services.js
FN:6,setConnection
FN:11,getDbConnection
FN:20,getRestaurants
FN:35,getRestaurantsByLocation
FN:50,findRestByName
FN:58,findRestaurantById
FNF:6
FNH:1
FNDA:1,setConnection
FNDA:0,getDbConnection
FNDA:0,getRestaurants
FNDA:0,getRestaurantsByLocation
FNDA:0,findRestByName
FNDA:0,findRestaurantById
DA:1,1
DA:2,1
DA:7,1
DA:8,1
DA:12,0
DA:13,0
DA:17,0
DA:21,0
DA:26,0
DA:28,0
DA:30,0
DA:32,0
DA:36,0
DA:40,0
DA:43,0
DA:44,0
DA:45,0
DA:47,0
DA:51,0
DA:55,0
DA:59,0
DA:63,0
DA:64,0
DA:66,0
DA:67,0
DA:71,1
DA:72,1
DA:73,1
DA:74,1
LF:29
LH:8
BRDA:12,0,0,0
BRDA:12,0,1,0
BRDA:26,1,0,0
BRDA:26,1,1,0
BRF:4
BRH:0
end_of_record
TN:
SF:model/restaurant.js
FNF:0
FNH:0
DA:1,1
DA:3,1
DA:53,1
LF:3
LH:3
BRF:0
BRH:0
end_of_record
TN:
SF:model/review.js
FNF:0
FNH:0
DA:1,1
DA:3,1
DA:20,1
LF:3
LH:3
BRF:0
BRH:0
end_of_record
