TN:
SF:model/food-services.js
FN:8,setConnection
FN:13,getDbConnection
FN:22,getFoodsByFilters
FN:65,getRestaurantsInFilter
FN:99,findFoodById
FN:109,incrementFoodRating
FN:131,addReview
FN:147,getReviews
FNF:8
FNH:8
FNDA:1,setConnection
FNDA:22,getDbConnection
FNDA:10,getFoodsByFilters
FNDA:2,getRestaurantsInFilter
FNDA:3,findFoodById
FNDA:4,incrementFoodRating
FNDA:2,addReview
FNDA:3,getReviews
DA:1,1
DA:2,1
DA:3,1
DA:4,1
DA:9,1
DA:10,1
DA:14,22
DA:15,0
DA:19,22
DA:23,10
DA:25,10
DA:26,10
DA:27,1
DA:29,9
DA:30,1
DA:31,8
DA:32,1
DA:34,9
DA:35,1
DA:36,8
DA:37,1
DA:38,7
DA:39,1
DA:40,1
DA:41,6
DA:42,1
DA:43,1
DA:44,5
DA:45,1
DA:46,1
DA:48,4
DA:50,9
DA:51,2
DA:52,2
DA:53,1
DA:56,1
DA:61,9
DA:62,9
DA:66,2
DA:67,2
DA:68,2
DA:69,1
DA:71,2
DA:100,3
DA:101,3
DA:102,3
DA:104,1
DA:105,1
DA:110,4
DA:111,4
DA:112,4
DA:113,2
DA:116,2
DA:117,1
DA:120,1
DA:121,1
DA:126,1
DA:127,1
DA:132,2
DA:133,2
DA:134,2
DA:135,2
DA:139,2
DA:140,1
DA:142,1
DA:143,1
DA:148,3
DA:149,3
DA:150,3
DA:152,1
DA:153,1
DA:158,1
DA:159,1
DA:160,1
DA:162,1
DA:163,1
DA:164,1
DA:165,1
LF:78
LH:77
BRDA:14,0,0,0
BRDA:14,0,1,22
BRDA:26,1,0,1
BRDA:26,1,1,9
BRDA:26,2,0,10
BRDA:26,2,1,8
BRDA:26,2,2,3
BRDA:29,3,0,1
BRDA:29,3,1,8
BRDA:31,4,0,1
BRDA:31,4,1,7
BRDA:34,5,0,1
BRDA:34,5,1,8
BRDA:36,6,0,1
BRDA:36,6,1,7
BRDA:38,7,0,1
BRDA:38,7,1,6
BRDA:41,8,0,1
BRDA:41,8,1,5
BRDA:44,9,0,1
BRDA:44,9,1,4
BRDA:50,10,0,2
BRDA:50,10,1,7
BRDA:52,11,0,1
BRDA:52,11,1,1
BRDA:112,12,0,2
BRDA:112,12,1,2
BRDA:116,13,0,1
BRDA:116,13,1,1
BRDA:120,14,0,1
BRDA:120,14,1,0
BRF:31
BRH:29
end_of_record
TN:
SF:model/food.js
FNF:0
FNH:0
DA:1,1
DA:4,1
DA:85,1
LF:3
LH:3
BRF:0
BRH:0
end_of_record
TN:
SF:model/restaurant-services.js
FN:6,setConnection
FN:11,getDbConnection
FN:35,getRestaurantsByLocation
FNF:3
FNH:3
FNDA:1,setConnection
FNDA:2,getDbConnection
FNDA:2,getRestaurantsByLocation
DA:1,1
DA:2,1
DA:7,1
DA:8,1
DA:12,2
DA:13,0
DA:17,2
DA:36,2
DA:40,2
DA:43,2
DA:44,2
DA:45,1
DA:47,2
DA:73,1
DA:74,1
LF:15
LH:14
BRDA:12,0,0,0
BRDA:12,0,1,2
BRF:2
BRH:1
end_of_record
TN:
SF:model/restaurant.js
FNF:0
FNH:0
DA:1,1
DA:3,1
DA:53,1
LF:3
LH:3
BRF:0
BRH:0
end_of_record
TN:
SF:model/review.js
FNF:0
FNH:0
DA:1,1
DA:3,1
DA:20,1
LF:3
LH:3
BRF:0
BRH:0
end_of_record
